[0.013s] Invoking command in '/home/sourav/ROS2-Self-Driving-Robot/control/bumperbot_ws/src/build/bumperbot_controller': CMAKE_PREFIX_PATH=/opt/ros/humble /usr/bin/cmake /home/sourav/ROS2-Self-Driving-Robot/control/bumperbot_ws/src/bumperbot_controller -DCMAKE_INSTALL_PREFIX=/home/sourav/ROS2-Self-Driving-Robot/control/bumperbot_ws/src/install/bumperbot_controller
[0.132s] -- The C compiler identification is GNU 11.4.0
[0.218s] -- The CXX compiler identification is GNU 11.4.0
[0.229s] -- Detecting C compiler ABI info
[0.281s] -- Detecting C compiler ABI info - done
[0.287s] -- Check for working C compiler: /usr/bin/cc - skipped
[0.287s] -- Detecting C compile features
[0.288s] -- Detecting C compile features - done
[0.289s] -- Detecting CXX compiler ABI info
[0.349s] -- Detecting CXX compiler ABI info - done
[0.357s] -- Check for working CXX compiler: /usr/bin/c++ - skipped
[0.357s] -- Detecting CXX compile features
[0.358s] -- Detecting CXX compile features - done
[0.360s] -- Found ament_cmake: 1.3.10 (/opt/ros/humble/share/ament_cmake/cmake)
[0.497s] -- Found Python3: /usr/bin/python3 (found version "3.10.12") found components: Interpreter 
[0.583s] -- Found rclcpp: 16.0.10 (/opt/ros/humble/share/rclcpp/cmake)
[0.633s] -- Found rosidl_generator_c: 3.1.5 (/opt/ros/humble/share/rosidl_generator_c/cmake)
[0.638s] -- Found rosidl_adapter: 3.1.5 (/opt/ros/humble/share/rosidl_adapter/cmake)
[0.647s] -- Found rosidl_generator_cpp: 3.1.5 (/opt/ros/humble/share/rosidl_generator_cpp/cmake)
[0.659s] -- Using all available rosidl_typesupport_c: rosidl_typesupport_fastrtps_c;rosidl_typesupport_introspection_c
[0.674s] -- Using all available rosidl_typesupport_cpp: rosidl_typesupport_fastrtps_cpp;rosidl_typesupport_introspection_cpp
[0.731s] -- Found rmw_implementation_cmake: 6.1.2 (/opt/ros/humble/share/rmw_implementation_cmake/cmake)
[0.739s] -- Found rmw_fastrtps_cpp: 6.2.7 (/opt/ros/humble/share/rmw_fastrtps_cpp/cmake)
[0.845s] -- Found OpenSSL: /usr/lib/x86_64-linux-gnu/libcrypto.so (found version "3.0.2")  
[0.868s] -- Found FastRTPS: /opt/ros/humble/include  
[0.904s] -- Using RMW implementation 'rmw_fastrtps_cpp' as default
[0.914s] -- Looking for pthread.h
[0.977s] -- Looking for pthread.h - found
[0.977s] -- Performing Test CMAKE_HAVE_LIBC_PTHREAD
[1.032s] -- Performing Test CMAKE_HAVE_LIBC_PTHREAD - Success
[1.033s] -- Found Threads: TRUE  
[1.078s] -- Found rclpy: 3.3.14 (/opt/ros/humble/share/rclpy/cmake)
[1.079s] -- Found geometry_msgs: 4.2.4 (/opt/ros/humble/share/geometry_msgs/cmake)
[1.148s] -- Found ament_lint_auto: 0.12.11 (/opt/ros/humble/share/ament_lint_auto/cmake)
[1.195s] -- Added test 'cppcheck' to perform static code analysis on C / C++ code
[1.195s] -- Configured cppcheck include dirs: /home/sourav/ROS2-Self-Driving-Robot/control/bumperbot_ws/src/bumperbot_controller/include
[1.195s] -- Configured cppcheck exclude dirs and/or files: 
[1.195s] -- Added test 'flake8' to check Python code syntax and style conventions
[1.195s] -- Added test 'lint_cmake' to check CMake code style
[1.196s] -- Added test 'pep257' to check Python code against some of the docstring style conventions in PEP 257
[1.196s] -- Added test 'uncrustify' to check C / C++ code style
[1.196s] -- Configured uncrustify additional arguments: 
[1.196s] -- Added test 'xmllint' to check XML markup files
[1.197s] -- Configuring done
[1.202s] -- Generating done
[1.203s] -- Build files have been written to: /home/sourav/ROS2-Self-Driving-Robot/control/bumperbot_ws/src/build/bumperbot_controller
[1.210s] Invoked command in '/home/sourav/ROS2-Self-Driving-Robot/control/bumperbot_ws/src/build/bumperbot_controller' returned '0': CMAKE_PREFIX_PATH=/opt/ros/humble /usr/bin/cmake /home/sourav/ROS2-Self-Driving-Robot/control/bumperbot_ws/src/bumperbot_controller -DCMAKE_INSTALL_PREFIX=/home/sourav/ROS2-Self-Driving-Robot/control/bumperbot_ws/src/install/bumperbot_controller
[1.210s] Invoking command in '/home/sourav/ROS2-Self-Driving-Robot/control/bumperbot_ws/src/build/bumperbot_controller': CMAKE_PREFIX_PATH=/opt/ros/humble /usr/bin/cmake --build /home/sourav/ROS2-Self-Driving-Robot/control/bumperbot_ws/src/build/bumperbot_controller -- -j16 -l16
[1.247s] [ 50%] [32mBuilding CXX object CMakeFiles/simple_controller.dir/src/simple_controller.cpp.o[0m
[1.252s] [ 50%] Built target ament_cmake_python_copy_bumperbot_controller
[1.389s] running egg_info
[1.389s] creating bumperbot_controller.egg-info
[1.389s] writing bumperbot_controller.egg-info/PKG-INFO
[1.390s] writing dependency_links to bumperbot_controller.egg-info/dependency_links.txt
[1.390s] writing top-level names to bumperbot_controller.egg-info/top_level.txt
[1.390s] writing manifest file 'bumperbot_controller.egg-info/SOURCES.txt'
[1.391s] reading manifest file 'bumperbot_controller.egg-info/SOURCES.txt'
[1.391s] writing manifest file 'bumperbot_controller.egg-info/SOURCES.txt'
[1.410s] [ 50%] Built target ament_cmake_python_build_bumperbot_controller_egg
[6.599s] [100%] [32m[1mLinking CXX executable simple_controller[0m
[6.824s] [100%] Built target simple_controller
[6.834s] Invoked command in '/home/sourav/ROS2-Self-Driving-Robot/control/bumperbot_ws/src/build/bumperbot_controller' returned '0': CMAKE_PREFIX_PATH=/opt/ros/humble /usr/bin/cmake --build /home/sourav/ROS2-Self-Driving-Robot/control/bumperbot_ws/src/build/bumperbot_controller -- -j16 -l16
[6.860s] Invoking command in '/home/sourav/ROS2-Self-Driving-Robot/control/bumperbot_ws/src/build/bumperbot_controller': CMAKE_PREFIX_PATH=/opt/ros/humble /usr/bin/cmake --install /home/sourav/ROS2-Self-Driving-Robot/control/bumperbot_ws/src/build/bumperbot_controller
[6.872s] -- Install configuration: ""
[6.872s] -- Installing: /home/sourav/ROS2-Self-Driving-Robot/control/bumperbot_ws/src/install/bumperbot_controller/share/bumperbot_controller/environment/pythonpath.sh
[6.872s] -- Installing: /home/sourav/ROS2-Self-Driving-Robot/control/bumperbot_ws/src/install/bumperbot_controller/share/bumperbot_controller/environment/pythonpath.dsv
[6.872s] -- Installing: /home/sourav/ROS2-Self-Driving-Robot/control/bumperbot_ws/src/install/bumperbot_controller/local/lib/python3.10/dist-packages/bumperbot_controller-0.0.0-py3.10.egg-info
[6.873s] -- Installing: /home/sourav/ROS2-Self-Driving-Robot/control/bumperbot_ws/src/install/bumperbot_controller/local/lib/python3.10/dist-packages/bumperbot_controller-0.0.0-py3.10.egg-info/PKG-INFO
[6.873s] -- Installing: /home/sourav/ROS2-Self-Driving-Robot/control/bumperbot_ws/src/install/bumperbot_controller/local/lib/python3.10/dist-packages/bumperbot_controller-0.0.0-py3.10.egg-info/SOURCES.txt
[6.873s] -- Installing: /home/sourav/ROS2-Self-Driving-Robot/control/bumperbot_ws/src/install/bumperbot_controller/local/lib/python3.10/dist-packages/bumperbot_controller-0.0.0-py3.10.egg-info/dependency_links.txt
[6.873s] -- Installing: /home/sourav/ROS2-Self-Driving-Robot/control/bumperbot_ws/src/install/bumperbot_controller/local/lib/python3.10/dist-packages/bumperbot_controller-0.0.0-py3.10.egg-info/top_level.txt
[6.873s] -- Installing: /home/sourav/ROS2-Self-Driving-Robot/control/bumperbot_ws/src/install/bumperbot_controller/local/lib/python3.10/dist-packages/bumperbot_controller
[6.873s] -- Installing: /home/sourav/ROS2-Self-Driving-Robot/control/bumperbot_ws/src/install/bumperbot_controller/local/lib/python3.10/dist-packages/bumperbot_controller/simple_controller.py
[6.873s] -- Installing: /home/sourav/ROS2-Self-Driving-Robot/control/bumperbot_ws/src/install/bumperbot_controller/local/lib/python3.10/dist-packages/bumperbot_controller/__init__.py
[6.894s] Listing '/home/sourav/ROS2-Self-Driving-Robot/control/bumperbot_ws/src/install/bumperbot_controller/local/lib/python3.10/dist-packages/bumperbot_controller'...
[6.894s] Compiling '/home/sourav/ROS2-Self-Driving-Robot/control/bumperbot_ws/src/install/bumperbot_controller/local/lib/python3.10/dist-packages/bumperbot_controller/__init__.py'...
[6.894s] Compiling '/home/sourav/ROS2-Self-Driving-Robot/control/bumperbot_ws/src/install/bumperbot_controller/local/lib/python3.10/dist-packages/bumperbot_controller/simple_controller.py'...
[6.896s] -- Installing: /home/sourav/ROS2-Self-Driving-Robot/control/bumperbot_ws/src/install/bumperbot_controller/include/include
[6.897s] -- Installing: /home/sourav/ROS2-Self-Driving-Robot/control/bumperbot_ws/src/install/bumperbot_controller/include/include/bumperbot_controller
[6.897s] -- Installing: /home/sourav/ROS2-Self-Driving-Robot/control/bumperbot_ws/src/install/bumperbot_controller/include/include/bumperbot_controller/simple_controller.hpp
[6.897s] -- Installing: /home/sourav/ROS2-Self-Driving-Robot/control/bumperbot_ws/src/install/bumperbot_controller/lib/bumperbot_controller/simple_controller
[6.898s] -- Set runtime path of "/home/sourav/ROS2-Self-Driving-Robot/control/bumperbot_ws/src/install/bumperbot_controller/lib/bumperbot_controller/simple_controller" to ""
[6.898s] -- Installing: /home/sourav/ROS2-Self-Driving-Robot/control/bumperbot_ws/src/install/bumperbot_controller/share/bumperbot_controller/config
[6.898s] -- Installing: /home/sourav/ROS2-Self-Driving-Robot/control/bumperbot_ws/src/install/bumperbot_controller/share/bumperbot_controller/config/bumperbot_controllers.yaml
[6.898s] -- Installing: /home/sourav/ROS2-Self-Driving-Robot/control/bumperbot_ws/src/install/bumperbot_controller/share/bumperbot_controller/config/joy_config.yaml
[6.899s] -- Installing: /home/sourav/ROS2-Self-Driving-Robot/control/bumperbot_ws/src/install/bumperbot_controller/share/bumperbot_controller/config/joy_teleop.yaml
[6.899s] -- Installing: /home/sourav/ROS2-Self-Driving-Robot/control/bumperbot_ws/src/install/bumperbot_controller/share/bumperbot_controller/launch
[6.899s] -- Installing: /home/sourav/ROS2-Self-Driving-Robot/control/bumperbot_ws/src/install/bumperbot_controller/share/bumperbot_controller/launch/joystick_teleop.launch.py
[6.899s] -- Installing: /home/sourav/ROS2-Self-Driving-Robot/control/bumperbot_ws/src/install/bumperbot_controller/share/bumperbot_controller/launch/controller.launch.py
[6.899s] -- Installing: /home/sourav/ROS2-Self-Driving-Robot/control/bumperbot_ws/src/install/bumperbot_controller/lib/bumperbot_controller/simple_controller.py
[6.899s] -- Installing: /home/sourav/ROS2-Self-Driving-Robot/control/bumperbot_ws/src/install/bumperbot_controller/share/ament_index/resource_index/package_run_dependencies/bumperbot_controller
[6.899s] -- Installing: /home/sourav/ROS2-Self-Driving-Robot/control/bumperbot_ws/src/install/bumperbot_controller/share/ament_index/resource_index/parent_prefix_path/bumperbot_controller
[6.899s] -- Installing: /home/sourav/ROS2-Self-Driving-Robot/control/bumperbot_ws/src/install/bumperbot_controller/share/bumperbot_controller/environment/ament_prefix_path.sh
[6.899s] -- Installing: /home/sourav/ROS2-Self-Driving-Robot/control/bumperbot_ws/src/install/bumperbot_controller/share/bumperbot_controller/environment/ament_prefix_path.dsv
[6.899s] -- Installing: /home/sourav/ROS2-Self-Driving-Robot/control/bumperbot_ws/src/install/bumperbot_controller/share/bumperbot_controller/environment/path.sh
[6.899s] -- Installing: /home/sourav/ROS2-Self-Driving-Robot/control/bumperbot_ws/src/install/bumperbot_controller/share/bumperbot_controller/environment/path.dsv
[6.899s] -- Installing: /home/sourav/ROS2-Self-Driving-Robot/control/bumperbot_ws/src/install/bumperbot_controller/share/bumperbot_controller/local_setup.bash
[6.899s] -- Installing: /home/sourav/ROS2-Self-Driving-Robot/control/bumperbot_ws/src/install/bumperbot_controller/share/bumperbot_controller/local_setup.sh
[6.899s] -- Installing: /home/sourav/ROS2-Self-Driving-Robot/control/bumperbot_ws/src/install/bumperbot_controller/share/bumperbot_controller/local_setup.zsh
[6.899s] -- Installing: /home/sourav/ROS2-Self-Driving-Robot/control/bumperbot_ws/src/install/bumperbot_controller/share/bumperbot_controller/local_setup.dsv
[6.899s] -- Installing: /home/sourav/ROS2-Self-Driving-Robot/control/bumperbot_ws/src/install/bumperbot_controller/share/bumperbot_controller/package.dsv
[6.899s] -- Installing: /home/sourav/ROS2-Self-Driving-Robot/control/bumperbot_ws/src/install/bumperbot_controller/share/ament_index/resource_index/packages/bumperbot_controller
[6.900s] -- Installing: /home/sourav/ROS2-Self-Driving-Robot/control/bumperbot_ws/src/install/bumperbot_controller/share/bumperbot_controller/cmake/bumperbot_controllerConfig.cmake
[6.900s] -- Installing: /home/sourav/ROS2-Self-Driving-Robot/control/bumperbot_ws/src/install/bumperbot_controller/share/bumperbot_controller/cmake/bumperbot_controllerConfig-version.cmake
[6.900s] -- Installing: /home/sourav/ROS2-Self-Driving-Robot/control/bumperbot_ws/src/install/bumperbot_controller/share/bumperbot_controller/package.xml
[6.901s] Invoked command in '/home/sourav/ROS2-Self-Driving-Robot/control/bumperbot_ws/src/build/bumperbot_controller' returned '0': CMAKE_PREFIX_PATH=/opt/ros/humble /usr/bin/cmake --install /home/sourav/ROS2-Self-Driving-Robot/control/bumperbot_ws/src/build/bumperbot_controller
