[0.010s] Invoking command in '/home/sourav/ROS2-Self-Driving-Robot/control/bumperbot_ws/build/bumpebot_description': CMAKE_PREFIX_PATH=/opt/ros/humble /usr/bin/cmake --build /home/sourav/ROS2-Self-Driving-Robot/control/bumperbot_ws/build/bumpebot_description -- -j16 -l16
[0.029s] -- Found ament_cmake: 1.3.10 (/opt/ros/humble/share/ament_cmake/cmake)
[0.113s] -- Found ament_lint_auto: 0.12.11 (/opt/ros/humble/share/ament_lint_auto/cmake)
[0.155s] -- Added test 'lint_cmake' to check CMake code style
[0.156s] -- Added test 'xmllint' to check XML markup files
[0.156s] -- Configuring done
[0.157s] -- Generating done
[0.158s] -- Build files have been written to: /home/sourav/ROS2-Self-Driving-Robot/control/bumperbot_ws/build/bumpebot_description
[0.174s] Invoked command in '/home/sourav/ROS2-Self-Driving-Robot/control/bumperbot_ws/build/bumpebot_description' returned '0': CMAKE_PREFIX_PATH=/opt/ros/humble /usr/bin/cmake --build /home/sourav/ROS2-Self-Driving-Robot/control/bumperbot_ws/build/bumpebot_description -- -j16 -l16
[0.193s] Invoking command in '/home/sourav/ROS2-Self-Driving-Robot/control/bumperbot_ws/build/bumpebot_description': CMAKE_PREFIX_PATH=/opt/ros/humble /usr/bin/cmake --install /home/sourav/ROS2-Self-Driving-Robot/control/bumperbot_ws/build/bumpebot_description
[0.200s] -- Install configuration: ""
[0.200s] -- Up-to-date: /home/sourav/ROS2-Self-Driving-Robot/control/bumperbot_ws/install/bumpebot_description/share/bumpebot_description/meshes
[0.201s] -- Up-to-date: /home/sourav/ROS2-Self-Driving-Robot/control/bumperbot_ws/install/bumpebot_description/share/bumpebot_description/meshes/caster_front_link.STL
[0.202s] -- Up-to-date: /home/sourav/ROS2-Self-Driving-Robot/control/bumperbot_ws/install/bumpebot_description/share/bumpebot_description/meshes/can.STL
[0.202s] -- Up-to-date: /home/sourav/ROS2-Self-Driving-Robot/control/bumperbot_ws/install/bumpebot_description/share/bumpebot_description/meshes/wheel_right_link.STL
[0.202s] -- Up-to-date: /home/sourav/ROS2-Self-Driving-Robot/control/bumperbot_ws/install/bumpebot_description/share/bumpebot_description/meshes/wheel_left_link.STL
[0.202s] -- Up-to-date: /home/sourav/ROS2-Self-Driving-Robot/control/bumperbot_ws/install/bumpebot_description/share/bumpebot_description/meshes/base_link.STL
[0.202s] -- Up-to-date: /home/sourav/ROS2-Self-Driving-Robot/control/bumperbot_ws/install/bumpebot_description/share/bumpebot_description/meshes/caster_rear_link.STL
[0.203s] -- Up-to-date: /home/sourav/ROS2-Self-Driving-Robot/control/bumperbot_ws/install/bumpebot_description/share/bumpebot_description/meshes/imu_link.STL
[0.203s] -- Up-to-date: /home/sourav/ROS2-Self-Driving-Robot/control/bumperbot_ws/install/bumpebot_description/share/bumpebot_description/urdf
[0.203s] -- Up-to-date: /home/sourav/ROS2-Self-Driving-Robot/control/bumperbot_ws/install/bumpebot_description/share/bumpebot_description/urdf/bumperbot.urdf.xacro
[0.204s] -- Up-to-date: /home/sourav/ROS2-Self-Driving-Robot/control/bumperbot_ws/install/bumpebot_description/share/ament_index/resource_index/package_run_dependencies/bumpebot_description
[0.204s] -- Up-to-date: /home/sourav/ROS2-Self-Driving-Robot/control/bumperbot_ws/install/bumpebot_description/share/ament_index/resource_index/parent_prefix_path/bumpebot_description
[0.204s] -- Up-to-date: /home/sourav/ROS2-Self-Driving-Robot/control/bumperbot_ws/install/bumpebot_description/share/bumpebot_description/environment/ament_prefix_path.sh
[0.204s] -- Installing: /home/sourav/ROS2-Self-Driving-Robot/control/bumperbot_ws/install/bumpebot_description/share/bumpebot_description/environment/ament_prefix_path.dsv
[0.205s] -- Up-to-date: /home/sourav/ROS2-Self-Driving-Robot/control/bumperbot_ws/install/bumpebot_description/share/bumpebot_description/environment/path.sh
[0.205s] -- Installing: /home/sourav/ROS2-Self-Driving-Robot/control/bumperbot_ws/install/bumpebot_description/share/bumpebot_description/environment/path.dsv
[0.205s] -- Up-to-date: /home/sourav/ROS2-Self-Driving-Robot/control/bumperbot_ws/install/bumpebot_description/share/bumpebot_description/local_setup.bash
[0.205s] -- Up-to-date: /home/sourav/ROS2-Self-Driving-Robot/control/bumperbot_ws/install/bumpebot_description/share/bumpebot_description/local_setup.sh
[0.206s] -- Up-to-date: /home/sourav/ROS2-Self-Driving-Robot/control/bumperbot_ws/install/bumpebot_description/share/bumpebot_description/local_setup.zsh
[0.206s] -- Installing: /home/sourav/ROS2-Self-Driving-Robot/control/bumperbot_ws/install/bumpebot_description/share/bumpebot_description/local_setup.dsv
[0.206s] -- Installing: /home/sourav/ROS2-Self-Driving-Robot/control/bumperbot_ws/install/bumpebot_description/share/bumpebot_description/package.dsv
[0.206s] -- Up-to-date: /home/sourav/ROS2-Self-Driving-Robot/control/bumperbot_ws/install/bumpebot_description/share/ament_index/resource_index/packages/bumpebot_description
[0.206s] -- Up-to-date: /home/sourav/ROS2-Self-Driving-Robot/control/bumperbot_ws/install/bumpebot_description/share/bumpebot_description/cmake/bumpebot_descriptionConfig.cmake
[0.206s] -- Up-to-date: /home/sourav/ROS2-Self-Driving-Robot/control/bumperbot_ws/install/bumpebot_description/share/bumpebot_description/cmake/bumpebot_descriptionConfig-version.cmake
[0.206s] -- Up-to-date: /home/sourav/ROS2-Self-Driving-Robot/control/bumperbot_ws/install/bumpebot_description/share/bumpebot_description/package.xml
[0.206s] Invoked command in '/home/sourav/ROS2-Self-Driving-Robot/control/bumperbot_ws/build/bumpebot_description' returned '0': CMAKE_PREFIX_PATH=/opt/ros/humble /usr/bin/cmake --install /home/sourav/ROS2-Self-Driving-Robot/control/bumperbot_ws/build/bumpebot_description
