[0.014s] Invoking command in '/home/sourav/ROS2-Self-Driving-Robot/control/bumperbot_ws/build/bumpebot_description': CMAKE_PREFIX_PATH=/opt/ros/humble /usr/bin/cmake /home/sourav/ROS2-Self-Driving-Robot/control/bumperbot_ws/src/bumpebot_description -DCMAKE_INSTALL_PREFIX=/home/sourav/ROS2-Self-Driving-Robot/control/bumperbot_ws/install/bumpebot_description
[0.051s] -- The C compiler identification is GNU 11.4.0
[0.089s] -- The CXX compiler identification is GNU 11.4.0
[0.093s] -- Detecting C compiler ABI info
[0.145s] -- Detecting C compiler ABI info - done
[0.151s] -- Check for working C compiler: /usr/bin/cc - skipped
[0.151s] -- Detecting C compile features
[0.151s] -- Detecting C compile features - done
[0.153s] -- Detecting CXX compiler ABI info
[0.208s] -- Detecting CXX compiler ABI info - done
[0.214s] -- Check for working CXX compiler: /usr/bin/c++ - skipped
[0.214s] -- Detecting CXX compile features
[0.214s] -- Detecting CXX compile features - done
[0.215s] -- Found ament_cmake: 1.3.10 (/opt/ros/humble/share/ament_cmake/cmake)
[0.315s] -- Found Python3: /usr/bin/python3 (found version "3.10.12") found components: Interpreter 
[0.364s] -- Found ament_lint_auto: 0.12.11 (/opt/ros/humble/share/ament_lint_auto/cmake)
[0.416s] -- Added test 'lint_cmake' to check CMake code style
[0.417s] -- Added test 'xmllint' to check XML markup files
[0.417s] -- Configuring done
[0.419s] -- Generating done
[0.419s] -- Build files have been written to: /home/sourav/ROS2-Self-Driving-Robot/control/bumperbot_ws/build/bumpebot_description
[0.423s] Invoked command in '/home/sourav/ROS2-Self-Driving-Robot/control/bumperbot_ws/build/bumpebot_description' returned '0': CMAKE_PREFIX_PATH=/opt/ros/humble /usr/bin/cmake /home/sourav/ROS2-Self-Driving-Robot/control/bumperbot_ws/src/bumpebot_description -DCMAKE_INSTALL_PREFIX=/home/sourav/ROS2-Self-Driving-Robot/control/bumperbot_ws/install/bumpebot_description
[0.423s] Invoking command in '/home/sourav/ROS2-Self-Driving-Robot/control/bumperbot_ws/build/bumpebot_description': CMAKE_PREFIX_PATH=/opt/ros/humble /usr/bin/cmake --build /home/sourav/ROS2-Self-Driving-Robot/control/bumperbot_ws/build/bumpebot_description -- -j16 -l16
[0.454s] Invoked command in '/home/sourav/ROS2-Self-Driving-Robot/control/bumperbot_ws/build/bumpebot_description' returned '0': CMAKE_PREFIX_PATH=/opt/ros/humble /usr/bin/cmake --build /home/sourav/ROS2-Self-Driving-Robot/control/bumperbot_ws/build/bumpebot_description -- -j16 -l16
[0.471s] Invoking command in '/home/sourav/ROS2-Self-Driving-Robot/control/bumperbot_ws/build/bumpebot_description': CMAKE_PREFIX_PATH=/opt/ros/humble /usr/bin/cmake --install /home/sourav/ROS2-Self-Driving-Robot/control/bumperbot_ws/build/bumpebot_description
[0.476s] -- Install configuration: ""
[0.476s] -- Installing: /home/sourav/ROS2-Self-Driving-Robot/control/bumperbot_ws/install/bumpebot_description/share/ament_index/resource_index/package_run_dependencies/bumpebot_description
[0.476s] -- Installing: /home/sourav/ROS2-Self-Driving-Robot/control/bumperbot_ws/install/bumpebot_description/share/ament_index/resource_index/parent_prefix_path/bumpebot_description
[0.476s] -- Installing: /home/sourav/ROS2-Self-Driving-Robot/control/bumperbot_ws/install/bumpebot_description/share/bumpebot_description/environment/ament_prefix_path.sh
[0.476s] -- Installing: /home/sourav/ROS2-Self-Driving-Robot/control/bumperbot_ws/install/bumpebot_description/share/bumpebot_description/environment/ament_prefix_path.dsv
[0.476s] -- Installing: /home/sourav/ROS2-Self-Driving-Robot/control/bumperbot_ws/install/bumpebot_description/share/bumpebot_description/environment/path.sh
[0.476s] -- Installing: /home/sourav/ROS2-Self-Driving-Robot/control/bumperbot_ws/install/bumpebot_description/share/bumpebot_description/environment/path.dsv
[0.477s] -- Installing: /home/sourav/ROS2-Self-Driving-Robot/control/bumperbot_ws/install/bumpebot_description/share/bumpebot_description/local_setup.bash
[0.477s] -- Installing: /home/sourav/ROS2-Self-Driving-Robot/control/bumperbot_ws/install/bumpebot_description/share/bumpebot_description/local_setup.sh
[0.477s] -- Installing: /home/sourav/ROS2-Self-Driving-Robot/control/bumperbot_ws/install/bumpebot_description/share/bumpebot_description/local_setup.zsh
[0.477s] -- Installing: /home/sourav/ROS2-Self-Driving-Robot/control/bumperbot_ws/install/bumpebot_description/share/bumpebot_description/local_setup.dsv
[0.477s] -- Installing: /home/sourav/ROS2-Self-Driving-Robot/control/bumperbot_ws/install/bumpebot_description/share/bumpebot_description/package.dsv
[0.477s] -- Installing: /home/sourav/ROS2-Self-Driving-Robot/control/bumperbot_ws/install/bumpebot_description/share/ament_index/resource_index/packages/bumpebot_description
[0.477s] -- Installing: /home/sourav/ROS2-Self-Driving-Robot/control/bumperbot_ws/install/bumpebot_description/share/bumpebot_description/cmake/bumpebot_descriptionConfig.cmake
[0.477s] -- Installing: /home/sourav/ROS2-Self-Driving-Robot/control/bumperbot_ws/install/bumpebot_description/share/bumpebot_description/cmake/bumpebot_descriptionConfig-version.cmake
[0.477s] -- Installing: /home/sourav/ROS2-Self-Driving-Robot/control/bumperbot_ws/install/bumpebot_description/share/bumpebot_description/package.xml
[0.478s] Invoked command in '/home/sourav/ROS2-Self-Driving-Robot/control/bumperbot_ws/build/bumpebot_description' returned '0': CMAKE_PREFIX_PATH=/opt/ros/humble /usr/bin/cmake --install /home/sourav/ROS2-Self-Driving-Robot/control/bumperbot_ws/build/bumpebot_description
