[0.371s] Invoking command in '/home/sourav/ROS2-Self-Driving-Robot/control/bumperbot_ws/src/bumperbot_py_examples': PYTHONPATH=/home/sourav/ROS2-Self-Driving-Robot/control/bumperbot_ws/src/build/bumperbot_py_examples/prefix_override:/usr/lib/python3/dist-packages/colcon_core/task/python/colcon_distutils_commands:/home/sourav/ROS2-Self-Driving-Robot/control/bumperbot_ws/src/install/bumperbot_py_examples/lib/python3.10/site-packages:${PYTHONPATH} /usr/bin/python3 -W ignore:setup.py install is deprecated setup.py egg_info --egg-base ../build/bumperbot_py_examples build --build-base /home/sourav/ROS2-Self-Driving-Robot/control/bumperbot_ws/src/build/bumperbot_py_examples/build install --record /home/sourav/ROS2-Self-Driving-Robot/control/bumperbot_ws/src/build/bumperbot_py_examples/install.log --single-version-externally-managed install_data
[0.520s] running egg_info
[0.521s] creating ../build/bumperbot_py_examples/bumperbot_py_examples.egg-info
[0.521s] writing ../build/bumperbot_py_examples/bumperbot_py_examples.egg-info/PKG-INFO
[0.521s] writing dependency_links to ../build/bumperbot_py_examples/bumperbot_py_examples.egg-info/dependency_links.txt
[0.521s] writing entry points to ../build/bumperbot_py_examples/bumperbot_py_examples.egg-info/entry_points.txt
[0.522s] writing requirements to ../build/bumperbot_py_examples/bumperbot_py_examples.egg-info/requires.txt
[0.522s] writing top-level names to ../build/bumperbot_py_examples/bumperbot_py_examples.egg-info/top_level.txt
[0.522s] writing manifest file '../build/bumperbot_py_examples/bumperbot_py_examples.egg-info/SOURCES.txt'
[0.524s] reading manifest file '../build/bumperbot_py_examples/bumperbot_py_examples.egg-info/SOURCES.txt'
[0.525s] writing manifest file '../build/bumperbot_py_examples/bumperbot_py_examples.egg-info/SOURCES.txt'
[0.525s] running build
[0.526s] running build_py
[0.526s] creating /home/sourav/ROS2-Self-Driving-Robot/control/bumperbot_ws/src/build/bumperbot_py_examples/build
[0.526s] creating /home/sourav/ROS2-Self-Driving-Robot/control/bumperbot_ws/src/build/bumperbot_py_examples/build/lib
[0.526s] creating /home/sourav/ROS2-Self-Driving-Robot/control/bumperbot_ws/src/build/bumperbot_py_examples/build/lib/bumperbot_py_examples
[0.526s] copying bumperbot_py_examples/simple_parameter.py -> /home/sourav/ROS2-Self-Driving-Robot/control/bumperbot_ws/src/build/bumperbot_py_examples/build/lib/bumperbot_py_examples
[0.526s] copying bumperbot_py_examples/simple_tf_kinematics.py -> /home/sourav/ROS2-Self-Driving-Robot/control/bumperbot_ws/src/build/bumperbot_py_examples/build/lib/bumperbot_py_examples
[0.526s] copying bumperbot_py_examples/simple_subscriber.py -> /home/sourav/ROS2-Self-Driving-Robot/control/bumperbot_ws/src/build/bumperbot_py_examples/build/lib/bumperbot_py_examples
[0.527s] copying bumperbot_py_examples/simple_publisher.py -> /home/sourav/ROS2-Self-Driving-Robot/control/bumperbot_ws/src/build/bumperbot_py_examples/build/lib/bumperbot_py_examples
[0.527s] copying bumperbot_py_examples/__init__.py -> /home/sourav/ROS2-Self-Driving-Robot/control/bumperbot_ws/src/build/bumperbot_py_examples/build/lib/bumperbot_py_examples
[0.527s] copying bumperbot_py_examples/simple_service_server.py -> /home/sourav/ROS2-Self-Driving-Robot/control/bumperbot_ws/src/build/bumperbot_py_examples/build/lib/bumperbot_py_examples
[0.527s] running install
[0.528s] running install_lib
[0.528s] creating /home/sourav/ROS2-Self-Driving-Robot/control/bumperbot_ws/src/install/bumperbot_py_examples/lib/python3.10/site-packages/bumperbot_py_examples
[0.528s] copying /home/sourav/ROS2-Self-Driving-Robot/control/bumperbot_ws/src/build/bumperbot_py_examples/build/lib/bumperbot_py_examples/simple_parameter.py -> /home/sourav/ROS2-Self-Driving-Robot/control/bumperbot_ws/src/install/bumperbot_py_examples/lib/python3.10/site-packages/bumperbot_py_examples
[0.529s] copying /home/sourav/ROS2-Self-Driving-Robot/control/bumperbot_ws/src/build/bumperbot_py_examples/build/lib/bumperbot_py_examples/simple_tf_kinematics.py -> /home/sourav/ROS2-Self-Driving-Robot/control/bumperbot_ws/src/install/bumperbot_py_examples/lib/python3.10/site-packages/bumperbot_py_examples
[0.529s] copying /home/sourav/ROS2-Self-Driving-Robot/control/bumperbot_ws/src/build/bumperbot_py_examples/build/lib/bumperbot_py_examples/simple_subscriber.py -> /home/sourav/ROS2-Self-Driving-Robot/control/bumperbot_ws/src/install/bumperbot_py_examples/lib/python3.10/site-packages/bumperbot_py_examples
[0.529s] copying /home/sourav/ROS2-Self-Driving-Robot/control/bumperbot_ws/src/build/bumperbot_py_examples/build/lib/bumperbot_py_examples/simple_publisher.py -> /home/sourav/ROS2-Self-Driving-Robot/control/bumperbot_ws/src/install/bumperbot_py_examples/lib/python3.10/site-packages/bumperbot_py_examples
[0.529s] copying /home/sourav/ROS2-Self-Driving-Robot/control/bumperbot_ws/src/build/bumperbot_py_examples/build/lib/bumperbot_py_examples/__init__.py -> /home/sourav/ROS2-Self-Driving-Robot/control/bumperbot_ws/src/install/bumperbot_py_examples/lib/python3.10/site-packages/bumperbot_py_examples
[0.529s] copying /home/sourav/ROS2-Self-Driving-Robot/control/bumperbot_ws/src/build/bumperbot_py_examples/build/lib/bumperbot_py_examples/simple_service_server.py -> /home/sourav/ROS2-Self-Driving-Robot/control/bumperbot_ws/src/install/bumperbot_py_examples/lib/python3.10/site-packages/bumperbot_py_examples
[0.530s] byte-compiling /home/sourav/ROS2-Self-Driving-Robot/control/bumperbot_ws/src/install/bumperbot_py_examples/lib/python3.10/site-packages/bumperbot_py_examples/simple_parameter.py to simple_parameter.cpython-310.pyc
[0.530s] byte-compiling /home/sourav/ROS2-Self-Driving-Robot/control/bumperbot_ws/src/install/bumperbot_py_examples/lib/python3.10/site-packages/bumperbot_py_examples/simple_tf_kinematics.py to simple_tf_kinematics.cpython-310.pyc
[0.531s] byte-compiling /home/sourav/ROS2-Self-Driving-Robot/control/bumperbot_ws/src/install/bumperbot_py_examples/lib/python3.10/site-packages/bumperbot_py_examples/simple_subscriber.py to simple_subscriber.cpython-310.pyc
[0.531s] byte-compiling /home/sourav/ROS2-Self-Driving-Robot/control/bumperbot_ws/src/install/bumperbot_py_examples/lib/python3.10/site-packages/bumperbot_py_examples/simple_publisher.py to simple_publisher.cpython-310.pyc
[0.532s] byte-compiling /home/sourav/ROS2-Self-Driving-Robot/control/bumperbot_ws/src/install/bumperbot_py_examples/lib/python3.10/site-packages/bumperbot_py_examples/__init__.py to __init__.cpython-310.pyc
[0.532s] byte-compiling /home/sourav/ROS2-Self-Driving-Robot/control/bumperbot_ws/src/install/bumperbot_py_examples/lib/python3.10/site-packages/bumperbot_py_examples/simple_service_server.py to simple_service_server.cpython-310.pyc
[0.532s] running install_data
[0.533s] creating /home/sourav/ROS2-Self-Driving-Robot/control/bumperbot_ws/src/install/bumperbot_py_examples/share/ament_index
[0.533s] creating /home/sourav/ROS2-Self-Driving-Robot/control/bumperbot_ws/src/install/bumperbot_py_examples/share/ament_index/resource_index
[0.533s] creating /home/sourav/ROS2-Self-Driving-Robot/control/bumperbot_ws/src/install/bumperbot_py_examples/share/ament_index/resource_index/packages
[0.533s] copying resource/bumperbot_py_examples -> /home/sourav/ROS2-Self-Driving-Robot/control/bumperbot_ws/src/install/bumperbot_py_examples/share/ament_index/resource_index/packages
[0.533s] copying package.xml -> /home/sourav/ROS2-Self-Driving-Robot/control/bumperbot_ws/src/install/bumperbot_py_examples/share/bumperbot_py_examples
[0.533s] running install_egg_info
[0.537s] Copying ../build/bumperbot_py_examples/bumperbot_py_examples.egg-info to /home/sourav/ROS2-Self-Driving-Robot/control/bumperbot_ws/src/install/bumperbot_py_examples/lib/python3.10/site-packages/bumperbot_py_examples-0.0.0-py3.10.egg-info
[0.538s] running install_scripts
[0.563s] Installing simple_parameter script to /home/sourav/ROS2-Self-Driving-Robot/control/bumperbot_ws/src/install/bumperbot_py_examples/lib/bumperbot_py_examples
[0.564s] Installing simple_publisher script to /home/sourav/ROS2-Self-Driving-Robot/control/bumperbot_ws/src/install/bumperbot_py_examples/lib/bumperbot_py_examples
[0.564s] Installing simple_subscriber script to /home/sourav/ROS2-Self-Driving-Robot/control/bumperbot_ws/src/install/bumperbot_py_examples/lib/bumperbot_py_examples
[0.564s] Installing simple_tf_kinematics script to /home/sourav/ROS2-Self-Driving-Robot/control/bumperbot_ws/src/install/bumperbot_py_examples/lib/bumperbot_py_examples
[0.564s] writing list of installed files to '/home/sourav/ROS2-Self-Driving-Robot/control/bumperbot_ws/src/build/bumperbot_py_examples/install.log'
[0.583s] Invoked command in '/home/sourav/ROS2-Self-Driving-Robot/control/bumperbot_ws/src/bumperbot_py_examples' returned '0': PYTHONPATH=/home/sourav/ROS2-Self-Driving-Robot/control/bumperbot_ws/src/build/bumperbot_py_examples/prefix_override:/usr/lib/python3/dist-packages/colcon_core/task/python/colcon_distutils_commands:/home/sourav/ROS2-Self-Driving-Robot/control/bumperbot_ws/src/install/bumperbot_py_examples/lib/python3.10/site-packages:${PYTHONPATH} /usr/bin/python3 -W ignore:setup.py install is deprecated setup.py egg_info --egg-base ../build/bumperbot_py_examples build --build-base /home/sourav/ROS2-Self-Driving-Robot/control/bumperbot_ws/src/build/bumperbot_py_examples/build install --record /home/sourav/ROS2-Self-Driving-Robot/control/bumperbot_ws/src/build/bumperbot_py_examples/install.log --single-version-externally-managed install_data
