[0.013s] Invoking command in '/home/sourav/ROS2-Self-Driving-Robot/control/bumperbot_ws/src/build/bumperbot_description': CMAKE_PREFIX_PATH=/opt/ros/humble /usr/bin/cmake /home/sourav/ROS2-Self-Driving-Robot/control/bumperbot_ws/src/bumperbot_description -DCMAKE_INSTALL_PREFIX=/home/sourav/ROS2-Self-Driving-Robot/control/bumperbot_ws/src/install/bumperbot_description
[0.124s] -- The C compiler identification is GNU 11.4.0
[0.216s] -- The CXX compiler identification is GNU 11.4.0
[0.224s] -- Detecting C compiler ABI info
[0.275s] -- Detecting C compiler ABI info - done
[0.279s] -- Check for working C compiler: /usr/bin/cc - skipped
[0.280s] -- Detecting C compile features
[0.281s] -- Detecting C compile features - done
[0.284s] -- Detecting CXX compiler ABI info
[0.343s] -- Detecting CXX compiler ABI info - done
[0.352s] -- Check for working CXX compiler: /usr/bin/c++ - skipped
[0.352s] -- Detecting CXX compile features
[0.352s] -- Detecting CXX compile features - done
[0.356s] -- Found ament_cmake: 1.3.10 (/opt/ros/humble/share/ament_cmake/cmake)
[0.485s] -- Found Python3: /usr/bin/python3 (found version "3.10.12") found components: Interpreter 
[0.578s] -- Found ament_lint_auto: 0.12.11 (/opt/ros/humble/share/ament_lint_auto/cmake)
[0.636s] -- Added test 'flake8' to check Python code syntax and style conventions
[0.637s] -- Added test 'lint_cmake' to check CMake code style
[0.637s] -- Added test 'pep257' to check Python code against some of the docstring style conventions in PEP 257
[0.638s] -- Added test 'xmllint' to check XML markup files
[0.639s] -- Configuring done
[0.640s] -- Generating done
[0.640s] -- Build files have been written to: /home/sourav/ROS2-Self-Driving-Robot/control/bumperbot_ws/src/build/bumperbot_description
[0.645s] Invoked command in '/home/sourav/ROS2-Self-Driving-Robot/control/bumperbot_ws/src/build/bumperbot_description' returned '0': CMAKE_PREFIX_PATH=/opt/ros/humble /usr/bin/cmake /home/sourav/ROS2-Self-Driving-Robot/control/bumperbot_ws/src/bumperbot_description -DCMAKE_INSTALL_PREFIX=/home/sourav/ROS2-Self-Driving-Robot/control/bumperbot_ws/src/install/bumperbot_description
[0.647s] Invoking command in '/home/sourav/ROS2-Self-Driving-Robot/control/bumperbot_ws/src/build/bumperbot_description': CMAKE_PREFIX_PATH=/opt/ros/humble /usr/bin/cmake --build /home/sourav/ROS2-Self-Driving-Robot/control/bumperbot_ws/src/build/bumperbot_description -- -j16 -l16
[0.671s] Invoked command in '/home/sourav/ROS2-Self-Driving-Robot/control/bumperbot_ws/src/build/bumperbot_description' returned '0': CMAKE_PREFIX_PATH=/opt/ros/humble /usr/bin/cmake --build /home/sourav/ROS2-Self-Driving-Robot/control/bumperbot_ws/src/build/bumperbot_description -- -j16 -l16
[0.693s] Invoking command in '/home/sourav/ROS2-Self-Driving-Robot/control/bumperbot_ws/src/build/bumperbot_description': CMAKE_PREFIX_PATH=/opt/ros/humble /usr/bin/cmake --install /home/sourav/ROS2-Self-Driving-Robot/control/bumperbot_ws/src/build/bumperbot_description
[0.699s] -- Install configuration: ""
[0.699s] -- Installing: /home/sourav/ROS2-Self-Driving-Robot/control/bumperbot_ws/src/install/bumperbot_description/share/bumperbot_description/meshes
[0.699s] -- Installing: /home/sourav/ROS2-Self-Driving-Robot/control/bumperbot_ws/src/install/bumperbot_description/share/bumperbot_description/meshes/caster_front_link.STL
[0.701s] -- Installing: /home/sourav/ROS2-Self-Driving-Robot/control/bumperbot_ws/src/install/bumperbot_description/share/bumperbot_description/meshes/can.STL
[0.703s] -- Installing: /home/sourav/ROS2-Self-Driving-Robot/control/bumperbot_ws/src/install/bumperbot_description/share/bumperbot_description/meshes/wheel_right_link.STL
[0.707s] -- Installing: /home/sourav/ROS2-Self-Driving-Robot/control/bumperbot_ws/src/install/bumperbot_description/share/bumperbot_description/meshes/wheel_left_link.STL
[0.711s] -- Installing: /home/sourav/ROS2-Self-Driving-Robot/control/bumperbot_ws/src/install/bumperbot_description/share/bumperbot_description/meshes/base_link.STL
[0.760s] -- Installing: /home/sourav/ROS2-Self-Driving-Robot/control/bumperbot_ws/src/install/bumperbot_description/share/bumperbot_description/meshes/caster_rear_link.STL
[0.762s] -- Installing: /home/sourav/ROS2-Self-Driving-Robot/control/bumperbot_ws/src/install/bumperbot_description/share/bumperbot_description/meshes/imu_link.STL
[0.764s] -- Installing: /home/sourav/ROS2-Self-Driving-Robot/control/bumperbot_ws/src/install/bumperbot_description/share/bumperbot_description/urdf
[0.764s] -- Installing: /home/sourav/ROS2-Self-Driving-Robot/control/bumperbot_ws/src/install/bumperbot_description/share/bumperbot_description/urdf/bumperbot.urdf.xacro
[0.764s] -- Installing: /home/sourav/ROS2-Self-Driving-Robot/control/bumperbot_ws/src/install/bumperbot_description/share/bumperbot_description/urdf/bumperbot_ros2_control.xacro
[0.764s] -- Installing: /home/sourav/ROS2-Self-Driving-Robot/control/bumperbot_ws/src/install/bumperbot_description/share/bumperbot_description/urdf/bumperbot_gazebo.xacro
[0.764s] -- Installing: /home/sourav/ROS2-Self-Driving-Robot/control/bumperbot_ws/src/install/bumperbot_description/share/bumperbot_description/launch
[0.764s] -- Installing: /home/sourav/ROS2-Self-Driving-Robot/control/bumperbot_ws/src/install/bumperbot_description/share/bumperbot_description/launch/display.launch.py
[0.764s] -- Installing: /home/sourav/ROS2-Self-Driving-Robot/control/bumperbot_ws/src/install/bumperbot_description/share/bumperbot_description/launch/gazebo.launch.py
[0.764s] -- Installing: /home/sourav/ROS2-Self-Driving-Robot/control/bumperbot_ws/src/install/bumperbot_description/share/bumperbot_description/models
[0.765s] -- Installing: /home/sourav/ROS2-Self-Driving-Robot/control/bumperbot_ws/src/install/bumperbot_description/share/bumperbot_description/models/ground_plane
[0.765s] -- Installing: /home/sourav/ROS2-Self-Driving-Robot/control/bumperbot_ws/src/install/bumperbot_description/share/bumperbot_description/models/ground_plane/model-1_4.sdf
[0.765s] -- Installing: /home/sourav/ROS2-Self-Driving-Robot/control/bumperbot_ws/src/install/bumperbot_description/share/bumperbot_description/models/ground_plane/model.sdf
[0.765s] -- Installing: /home/sourav/ROS2-Self-Driving-Robot/control/bumperbot_ws/src/install/bumperbot_description/share/bumperbot_description/models/ground_plane/model.config
[0.765s] -- Installing: /home/sourav/ROS2-Self-Driving-Robot/control/bumperbot_ws/src/install/bumperbot_description/share/bumperbot_description/models/ground_plane/model-1_3.sdf
[0.765s] -- Installing: /home/sourav/ROS2-Self-Driving-Robot/control/bumperbot_ws/src/install/bumperbot_description/share/bumperbot_description/models/ground_plane/model-1_2.sdf
[0.765s] -- Installing: /home/sourav/ROS2-Self-Driving-Robot/control/bumperbot_ws/src/install/bumperbot_description/share/bumperbot_description/models/sun
[0.765s] -- Installing: /home/sourav/ROS2-Self-Driving-Robot/control/bumperbot_ws/src/install/bumperbot_description/share/bumperbot_description/models/sun/model-1_4.sdf
[0.765s] -- Installing: /home/sourav/ROS2-Self-Driving-Robot/control/bumperbot_ws/src/install/bumperbot_description/share/bumperbot_description/models/sun/model.sdf
[0.766s] -- Installing: /home/sourav/ROS2-Self-Driving-Robot/control/bumperbot_ws/src/install/bumperbot_description/share/bumperbot_description/models/sun/model.config
[0.766s] -- Installing: /home/sourav/ROS2-Self-Driving-Robot/control/bumperbot_ws/src/install/bumperbot_description/share/bumperbot_description/models/sun/model-1_3.sdf
[0.766s] -- Installing: /home/sourav/ROS2-Self-Driving-Robot/control/bumperbot_ws/src/install/bumperbot_description/share/bumperbot_description/models/sun/model-1_2.sdf
[0.766s] -- Installing: /home/sourav/ROS2-Self-Driving-Robot/control/bumperbot_ws/src/install/bumperbot_description/share/bumperbot_description/rviz
[0.766s] -- Installing: /home/sourav/ROS2-Self-Driving-Robot/control/bumperbot_ws/src/install/bumperbot_description/share/bumperbot_description/rviz/display.rviz
[0.766s] -- Installing: /home/sourav/ROS2-Self-Driving-Robot/control/bumperbot_ws/src/install/bumperbot_description/share/ament_index/resource_index/package_run_dependencies/bumperbot_description
[0.767s] -- Installing: /home/sourav/ROS2-Self-Driving-Robot/control/bumperbot_ws/src/install/bumperbot_description/share/ament_index/resource_index/parent_prefix_path/bumperbot_description
[0.767s] -- Installing: /home/sourav/ROS2-Self-Driving-Robot/control/bumperbot_ws/src/install/bumperbot_description/share/bumperbot_description/environment/ament_prefix_path.sh
[0.767s] -- Installing: /home/sourav/ROS2-Self-Driving-Robot/control/bumperbot_ws/src/install/bumperbot_description/share/bumperbot_description/environment/ament_prefix_path.dsv
[0.767s] -- Installing: /home/sourav/ROS2-Self-Driving-Robot/control/bumperbot_ws/src/install/bumperbot_description/share/bumperbot_description/environment/path.sh
[0.767s] -- Installing: /home/sourav/ROS2-Self-Driving-Robot/control/bumperbot_ws/src/install/bumperbot_description/share/bumperbot_description/environment/path.dsv
[0.767s] -- Installing: /home/sourav/ROS2-Self-Driving-Robot/control/bumperbot_ws/src/install/bumperbot_description/share/bumperbot_description/local_setup.bash
[0.767s] -- Installing: /home/sourav/ROS2-Self-Driving-Robot/control/bumperbot_ws/src/install/bumperbot_description/share/bumperbot_description/local_setup.sh
[0.767s] -- Installing: /home/sourav/ROS2-Self-Driving-Robot/control/bumperbot_ws/src/install/bumperbot_description/share/bumperbot_description/local_setup.zsh
[0.767s] -- Installing: /home/sourav/ROS2-Self-Driving-Robot/control/bumperbot_ws/src/install/bumperbot_description/share/bumperbot_description/local_setup.dsv
[0.767s] -- Installing: /home/sourav/ROS2-Self-Driving-Robot/control/bumperbot_ws/src/install/bumperbot_description/share/bumperbot_description/package.dsv
[0.767s] -- Installing: /home/sourav/ROS2-Self-Driving-Robot/control/bumperbot_ws/src/install/bumperbot_description/share/ament_index/resource_index/packages/bumperbot_description
[0.767s] -- Installing: /home/sourav/ROS2-Self-Driving-Robot/control/bumperbot_ws/src/install/bumperbot_description/share/bumperbot_description/cmake/bumperbot_descriptionConfig.cmake
[0.767s] -- Installing: /home/sourav/ROS2-Self-Driving-Robot/control/bumperbot_ws/src/install/bumperbot_description/share/bumperbot_description/cmake/bumperbot_descriptionConfig-version.cmake
[0.767s] -- Installing: /home/sourav/ROS2-Self-Driving-Robot/control/bumperbot_ws/src/install/bumperbot_description/share/bumperbot_description/package.xml
[0.769s] Invoked command in '/home/sourav/ROS2-Self-Driving-Robot/control/bumperbot_ws/src/build/bumperbot_description' returned '0': CMAKE_PREFIX_PATH=/opt/ros/humble /usr/bin/cmake --install /home/sourav/ROS2-Self-Driving-Robot/control/bumperbot_ws/src/build/bumperbot_description
