[0.014s] Invoking command in '/home/sourav/ROS2-Self-Driving-Robot/control/bumperbot_ws/src/build/bumperbot_msgs': CMAKE_PREFIX_PATH=/opt/ros/humble /usr/bin/cmake /home/sourav/ROS2-Self-Driving-Robot/control/bumperbot_ws/src/bumperbot_msgs -DCMAKE_INSTALL_PREFIX=/home/sourav/ROS2-Self-Driving-Robot/control/bumperbot_ws/src/install/bumperbot_msgs
[0.122s] -- The C compiler identification is GNU 11.4.0
[0.216s] -- The CXX compiler identification is GNU 11.4.0
[0.223s] -- Detecting C compiler ABI info
[0.272s] -- Detecting C compiler ABI info - done
[0.280s] -- Check for working C compiler: /usr/bin/cc - skipped
[0.281s] -- Detecting C compile features
[0.281s] -- Detecting C compile features - done
[0.284s] -- Detecting CXX compiler ABI info
[0.343s] -- Detecting CXX compiler ABI info - done
[0.352s] -- Check for working CXX compiler: /usr/bin/c++ - skipped
[0.352s] -- Detecting CXX compile features
[0.352s] -- Detecting CXX compile features - done
[0.355s] -- Found ament_cmake: 1.3.10 (/opt/ros/humble/share/ament_cmake/cmake)
[0.493s] -- Found Python3: /usr/bin/python3 (found version "3.10.12") found components: Interpreter 
[0.576s] -- Found ament_lint_auto: 0.12.11 (/opt/ros/humble/share/ament_lint_auto/cmake)
[0.634s] -- Added test 'lint_cmake' to check CMake code style
[0.636s] -- Added test 'xmllint' to check XML markup files
[0.636s] -- Configuring done
[0.638s] -- Generating done
[0.638s] -- Build files have been written to: /home/sourav/ROS2-Self-Driving-Robot/control/bumperbot_ws/src/build/bumperbot_msgs
[0.641s] Invoked command in '/home/sourav/ROS2-Self-Driving-Robot/control/bumperbot_ws/src/build/bumperbot_msgs' returned '0': CMAKE_PREFIX_PATH=/opt/ros/humble /usr/bin/cmake /home/sourav/ROS2-Self-Driving-Robot/control/bumperbot_ws/src/bumperbot_msgs -DCMAKE_INSTALL_PREFIX=/home/sourav/ROS2-Self-Driving-Robot/control/bumperbot_ws/src/install/bumperbot_msgs
[0.643s] Invoking command in '/home/sourav/ROS2-Self-Driving-Robot/control/bumperbot_ws/src/build/bumperbot_msgs': CMAKE_PREFIX_PATH=/opt/ros/humble /usr/bin/cmake --build /home/sourav/ROS2-Self-Driving-Robot/control/bumperbot_ws/src/build/bumperbot_msgs -- -j16 -l16
[0.667s] Invoked command in '/home/sourav/ROS2-Self-Driving-Robot/control/bumperbot_ws/src/build/bumperbot_msgs' returned '0': CMAKE_PREFIX_PATH=/opt/ros/humble /usr/bin/cmake --build /home/sourav/ROS2-Self-Driving-Robot/control/bumperbot_ws/src/build/bumperbot_msgs -- -j16 -l16
[0.691s] Invoking command in '/home/sourav/ROS2-Self-Driving-Robot/control/bumperbot_ws/src/build/bumperbot_msgs': CMAKE_PREFIX_PATH=/opt/ros/humble /usr/bin/cmake --install /home/sourav/ROS2-Self-Driving-Robot/control/bumperbot_ws/src/build/bumperbot_msgs
[0.694s] -- Install configuration: ""
[0.694s] -- Installing: /home/sourav/ROS2-Self-Driving-Robot/control/bumperbot_ws/src/install/bumperbot_msgs/share/ament_index/resource_index/package_run_dependencies/bumperbot_msgs
[0.694s] -- Installing: /home/sourav/ROS2-Self-Driving-Robot/control/bumperbot_ws/src/install/bumperbot_msgs/share/ament_index/resource_index/parent_prefix_path/bumperbot_msgs
[0.695s] -- Installing: /home/sourav/ROS2-Self-Driving-Robot/control/bumperbot_ws/src/install/bumperbot_msgs/share/bumperbot_msgs/environment/ament_prefix_path.sh
[0.695s] -- Installing: /home/sourav/ROS2-Self-Driving-Robot/control/bumperbot_ws/src/install/bumperbot_msgs/share/bumperbot_msgs/environment/ament_prefix_path.dsv
[0.695s] -- Installing: /home/sourav/ROS2-Self-Driving-Robot/control/bumperbot_ws/src/install/bumperbot_msgs/share/bumperbot_msgs/environment/path.sh
[0.695s] -- Installing: /home/sourav/ROS2-Self-Driving-Robot/control/bumperbot_ws/src/install/bumperbot_msgs/share/bumperbot_msgs/environment/path.dsv
[0.695s] -- Installing: /home/sourav/ROS2-Self-Driving-Robot/control/bumperbot_ws/src/install/bumperbot_msgs/share/bumperbot_msgs/local_setup.bash
[0.695s] -- Installing: /home/sourav/ROS2-Self-Driving-Robot/control/bumperbot_ws/src/install/bumperbot_msgs/share/bumperbot_msgs/local_setup.sh
[0.695s] -- Installing: /home/sourav/ROS2-Self-Driving-Robot/control/bumperbot_ws/src/install/bumperbot_msgs/share/bumperbot_msgs/local_setup.zsh
[0.695s] -- Installing: /home/sourav/ROS2-Self-Driving-Robot/control/bumperbot_ws/src/install/bumperbot_msgs/share/bumperbot_msgs/local_setup.dsv
[0.695s] -- Installing: /home/sourav/ROS2-Self-Driving-Robot/control/bumperbot_ws/src/install/bumperbot_msgs/share/bumperbot_msgs/package.dsv
[0.695s] -- Installing: /home/sourav/ROS2-Self-Driving-Robot/control/bumperbot_ws/src/install/bumperbot_msgs/share/ament_index/resource_index/packages/bumperbot_msgs
[0.695s] -- Installing: /home/sourav/ROS2-Self-Driving-Robot/control/bumperbot_ws/src/install/bumperbot_msgs/share/bumperbot_msgs/cmake/bumperbot_msgsConfig.cmake
[0.695s] -- Installing: /home/sourav/ROS2-Self-Driving-Robot/control/bumperbot_ws/src/install/bumperbot_msgs/share/bumperbot_msgs/cmake/bumperbot_msgsConfig-version.cmake
[0.695s] -- Installing: /home/sourav/ROS2-Self-Driving-Robot/control/bumperbot_ws/src/install/bumperbot_msgs/share/bumperbot_msgs/package.xml
[0.697s] Invoked command in '/home/sourav/ROS2-Self-Driving-Robot/control/bumperbot_ws/src/build/bumperbot_msgs' returned '0': CMAKE_PREFIX_PATH=/opt/ros/humble /usr/bin/cmake --install /home/sourav/ROS2-Self-Driving-Robot/control/bumperbot_ws/src/build/bumperbot_msgs
