[0.012s] Invoking command in '/home/sourav/ROS2-Self-Driving-Robot/control/bumperbot_ws/build/bumperbot_controller': CMAKE_PREFIX_PATH=/opt/ros/humble /usr/bin/cmake --build /home/sourav/ROS2-Self-Driving-Robot/control/bumperbot_ws/build/bumperbot_controller -- -j16 -l16
[0.047s] [ 50%] [32mBuilding CXX object CMakeFiles/simple_controller.dir/src/simple_controller.cpp.o[0m
[0.049s] [ 50%] Built target ament_cmake_python_copy_bumperbot_controller
[0.185s] running egg_info
[0.185s] writing bumperbot_controller.egg-info/PKG-INFO
[0.185s] writing dependency_links to bumperbot_controller.egg-info/dependency_links.txt
[0.185s] writing top-level names to bumperbot_controller.egg-info/top_level.txt
[0.187s] reading manifest file 'bumperbot_controller.egg-info/SOURCES.txt'
[0.187s] writing manifest file 'bumperbot_controller.egg-info/SOURCES.txt'
[0.207s] [ 50%] Built target ament_cmake_python_build_bumperbot_controller_egg
[4.970s] [100%] [32m[1mLinking CXX executable simple_controller[0m
[5.207s] [100%] Built target simple_controller
[5.216s] Invoked command in '/home/sourav/ROS2-Self-Driving-Robot/control/bumperbot_ws/build/bumperbot_controller' returned '0': CMAKE_PREFIX_PATH=/opt/ros/humble /usr/bin/cmake --build /home/sourav/ROS2-Self-Driving-Robot/control/bumperbot_ws/build/bumperbot_controller -- -j16 -l16
[5.238s] Invoking command in '/home/sourav/ROS2-Self-Driving-Robot/control/bumperbot_ws/build/bumperbot_controller': CMAKE_PREFIX_PATH=/opt/ros/humble /usr/bin/cmake --install /home/sourav/ROS2-Self-Driving-Robot/control/bumperbot_ws/build/bumperbot_controller
[5.242s] -- Install configuration: ""
[5.242s] -- Installing: /home/sourav/ROS2-Self-Driving-Robot/control/bumperbot_ws/install/bumperbot_controller/share/bumperbot_controller/environment/pythonpath.sh
[5.242s] -- Installing: /home/sourav/ROS2-Self-Driving-Robot/control/bumperbot_ws/install/bumperbot_controller/share/bumperbot_controller/environment/pythonpath.dsv
[5.242s] -- Installing: /home/sourav/ROS2-Self-Driving-Robot/control/bumperbot_ws/install/bumperbot_controller/local/lib/python3.10/dist-packages/bumperbot_controller-0.0.0-py3.10.egg-info
[5.243s] -- Installing: /home/sourav/ROS2-Self-Driving-Robot/control/bumperbot_ws/install/bumperbot_controller/local/lib/python3.10/dist-packages/bumperbot_controller-0.0.0-py3.10.egg-info/PKG-INFO
[5.243s] -- Installing: /home/sourav/ROS2-Self-Driving-Robot/control/bumperbot_ws/install/bumperbot_controller/local/lib/python3.10/dist-packages/bumperbot_controller-0.0.0-py3.10.egg-info/SOURCES.txt
[5.243s] -- Installing: /home/sourav/ROS2-Self-Driving-Robot/control/bumperbot_ws/install/bumperbot_controller/local/lib/python3.10/dist-packages/bumperbot_controller-0.0.0-py3.10.egg-info/dependency_links.txt
[5.243s] -- Installing: /home/sourav/ROS2-Self-Driving-Robot/control/bumperbot_ws/install/bumperbot_controller/local/lib/python3.10/dist-packages/bumperbot_controller-0.0.0-py3.10.egg-info/top_level.txt
[5.243s] -- Installing: /home/sourav/ROS2-Self-Driving-Robot/control/bumperbot_ws/install/bumperbot_controller/local/lib/python3.10/dist-packages/bumperbot_controller
[5.243s] -- Installing: /home/sourav/ROS2-Self-Driving-Robot/control/bumperbot_ws/install/bumperbot_controller/local/lib/python3.10/dist-packages/bumperbot_controller/simple_controller.py
[5.243s] -- Installing: /home/sourav/ROS2-Self-Driving-Robot/control/bumperbot_ws/install/bumperbot_controller/local/lib/python3.10/dist-packages/bumperbot_controller/__init__.py
[5.263s] Listing '/home/sourav/ROS2-Self-Driving-Robot/control/bumperbot_ws/install/bumperbot_controller/local/lib/python3.10/dist-packages/bumperbot_controller'...
[5.263s] Compiling '/home/sourav/ROS2-Self-Driving-Robot/control/bumperbot_ws/install/bumperbot_controller/local/lib/python3.10/dist-packages/bumperbot_controller/__init__.py'...
[5.263s] Compiling '/home/sourav/ROS2-Self-Driving-Robot/control/bumperbot_ws/install/bumperbot_controller/local/lib/python3.10/dist-packages/bumperbot_controller/simple_controller.py'...
[5.265s] -- Installing: /home/sourav/ROS2-Self-Driving-Robot/control/bumperbot_ws/install/bumperbot_controller/include/include
[5.266s] -- Installing: /home/sourav/ROS2-Self-Driving-Robot/control/bumperbot_ws/install/bumperbot_controller/include/include/bumperbot_controller
[5.266s] -- Installing: /home/sourav/ROS2-Self-Driving-Robot/control/bumperbot_ws/install/bumperbot_controller/include/include/bumperbot_controller/simple_controller.hpp
[5.266s] -- Installing: /home/sourav/ROS2-Self-Driving-Robot/control/bumperbot_ws/install/bumperbot_controller/lib/bumperbot_controller/simple_controller
[5.267s] -- Set runtime path of "/home/sourav/ROS2-Self-Driving-Robot/control/bumperbot_ws/install/bumperbot_controller/lib/bumperbot_controller/simple_controller" to ""
[5.267s] -- Up-to-date: /home/sourav/ROS2-Self-Driving-Robot/control/bumperbot_ws/install/bumperbot_controller/share/bumperbot_controller/config
[5.267s] -- Up-to-date: /home/sourav/ROS2-Self-Driving-Robot/control/bumperbot_ws/install/bumperbot_controller/share/bumperbot_controller/config/bumperbot_controllers.yaml
[5.268s] -- Up-to-date: /home/sourav/ROS2-Self-Driving-Robot/control/bumperbot_ws/install/bumperbot_controller/share/bumperbot_controller/launch
[5.268s] -- Up-to-date: /home/sourav/ROS2-Self-Driving-Robot/control/bumperbot_ws/install/bumperbot_controller/share/bumperbot_controller/launch/controller.launch.py
[5.268s] -- Installing: /home/sourav/ROS2-Self-Driving-Robot/control/bumperbot_ws/install/bumperbot_controller/lib/bumperbot_controller/simple_controller.py
[5.268s] -- Installing: /home/sourav/ROS2-Self-Driving-Robot/control/bumperbot_ws/install/bumperbot_controller/share/ament_index/resource_index/package_run_dependencies/bumperbot_controller
[5.268s] -- Up-to-date: /home/sourav/ROS2-Self-Driving-Robot/control/bumperbot_ws/install/bumperbot_controller/share/ament_index/resource_index/parent_prefix_path/bumperbot_controller
[5.268s] -- Up-to-date: /home/sourav/ROS2-Self-Driving-Robot/control/bumperbot_ws/install/bumperbot_controller/share/bumperbot_controller/environment/ament_prefix_path.sh
[5.268s] -- Installing: /home/sourav/ROS2-Self-Driving-Robot/control/bumperbot_ws/install/bumperbot_controller/share/bumperbot_controller/environment/ament_prefix_path.dsv
[5.268s] -- Up-to-date: /home/sourav/ROS2-Self-Driving-Robot/control/bumperbot_ws/install/bumperbot_controller/share/bumperbot_controller/environment/path.sh
[5.268s] -- Installing: /home/sourav/ROS2-Self-Driving-Robot/control/bumperbot_ws/install/bumperbot_controller/share/bumperbot_controller/environment/path.dsv
[5.268s] -- Up-to-date: /home/sourav/ROS2-Self-Driving-Robot/control/bumperbot_ws/install/bumperbot_controller/share/bumperbot_controller/local_setup.bash
[5.268s] -- Installing: /home/sourav/ROS2-Self-Driving-Robot/control/bumperbot_ws/install/bumperbot_controller/share/bumperbot_controller/local_setup.sh
[5.268s] -- Up-to-date: /home/sourav/ROS2-Self-Driving-Robot/control/bumperbot_ws/install/bumperbot_controller/share/bumperbot_controller/local_setup.zsh
[5.268s] -- Installing: /home/sourav/ROS2-Self-Driving-Robot/control/bumperbot_ws/install/bumperbot_controller/share/bumperbot_controller/local_setup.dsv
[5.268s] -- Installing: /home/sourav/ROS2-Self-Driving-Robot/control/bumperbot_ws/install/bumperbot_controller/share/bumperbot_controller/package.dsv
[5.268s] -- Up-to-date: /home/sourav/ROS2-Self-Driving-Robot/control/bumperbot_ws/install/bumperbot_controller/share/ament_index/resource_index/packages/bumperbot_controller
[5.268s] -- Up-to-date: /home/sourav/ROS2-Self-Driving-Robot/control/bumperbot_ws/install/bumperbot_controller/share/bumperbot_controller/cmake/bumperbot_controllerConfig.cmake
[5.269s] -- Up-to-date: /home/sourav/ROS2-Self-Driving-Robot/control/bumperbot_ws/install/bumperbot_controller/share/bumperbot_controller/cmake/bumperbot_controllerConfig-version.cmake
[5.269s] -- Installing: /home/sourav/ROS2-Self-Driving-Robot/control/bumperbot_ws/install/bumperbot_controller/share/bumperbot_controller/package.xml
[5.270s] Invoked command in '/home/sourav/ROS2-Self-Driving-Robot/control/bumperbot_ws/build/bumperbot_controller' returned '0': CMAKE_PREFIX_PATH=/opt/ros/humble /usr/bin/cmake --install /home/sourav/ROS2-Self-Driving-Robot/control/bumperbot_ws/build/bumperbot_controller
